<?xml version="1.0" encoding="UTF-8"?>
<!-- Generated by org.testng.reporters.JUnitReportReporter -->
<testsuite hostname="Pallavi-Sadhus-MacBook-Air.local" failures="0" tests="1" name="ExampleGit.sampleProj.AppTest" time="0.022" errors="0" timestamp="2022-12-04T18:44:17 CST" skipped="0">
  <testcase classname="ExampleGit.sampleProj.AppTest" name="method1" time="0.022"/>
  <system-out/>
</testsuite> <!-- ExampleGit.sampleProj.AppTest -->
